#
# There is insufficient memory for the Java Runtime Environment to continue.
# Native memory allocation (malloc) failed to allocate 480104 bytes for AllocateHeap
# Possible reasons:
#   The system is out of physical RAM or swap space
#   In 32 bit mode, the process size limit was hit
# Possible solutions:
#   Reduce memory load on the system
#   Increase physical memory or swap space
#   Check if swap backing store is full
#   Use 64 bit Java on a 64 bit OS
#   Decrease Java heap size (-Xmx/-Xms)
#   Decrease number of Java threads
#   Decrease Java thread stack sizes (-Xss)
#   Set larger code cache with -XX:ReservedCodeCacheSize=
# This output file may be truncated or incomplete.
#
#  Out of Memory Error (memory/allocation.inline.hpp:62), pid=7300, tid=7972
#
# JRE version:  (8.0_20-b26) (build )
# Java VM: Java HotSpot(TM) 64-Bit Server VM (25.20-b23 mixed mode windows-amd64 compressed oops)
# Failed to write core dump. Minidumps are not enabled by default on client versions of Windows
#

---------------  T H R E A D  ---------------

Current thread (0x0000000001e80800):  JavaThread "Unknown thread" [_thread_in_vm, id=7972, stack(0x0000000001cc0000,0x0000000001dc0000)]

Stack: [0x0000000001cc0000,0x0000000001dc0000]
Native frames: (J=compiled Java code, j=interpreted, Vv=VM code, C=native code)
V  [jvm.dll+0x3152fa]
V  [jvm.dll+0x265d03]
V  [jvm.dll+0x266943]
V  [jvm.dll+0x25e265]
V  [jvm.dll+0x5bec4]
V  [jvm.dll+0xe34ae]
V  [jvm.dll+0x1f8997]
V  [jvm.dll+0x229fc4]
V  [jvm.dll+0x14c6f1]
C  [javaw.exe+0x20c6]
C  [javaw.exe+0xc9eb]
C  [javaw.exe+0xca7f]
C  [KERNEL32.DLL+0x13d2]
C  [ntdll.dll+0x15444]


---------------  P R O C E S S  ---------------

Java Threads: ( => current thread )

Other Threads:

=>0x0000000001e80800 (exited) JavaThread "Unknown thread" [_thread_in_vm, id=7972, stack(0x0000000001cc0000,0x0000000001dc0000)]

VM state:not at safepoint (not fully initialized)

VM Mutex/Monitor currently owned by a thread: None

GC Heap History (0 events):
No events

Deoptimization events (0 events):
No events

Internal exceptions (0 events):
No events

Events (0 events):
No events


Dynamic libraries:
0x00007ff754ce0000 - 0x00007ff754d14000 	C:\Program Files\Java\jre1.8.0_20\bin\javaw.exe
0x00007ff8bdce0000 - 0x00007ff8bde8c000 	C:\Windows\SYSTEM32\ntdll.dll
0x00007ff8bd840000 - 0x00007ff8bd97e000 	C:\Windows\system32\KERNEL32.DLL
0x00007ff8bb060000 - 0x00007ff8bb175000 	C:\Windows\system32\KERNELBASE.dll
0x00007ff8b9820000 - 0x00007ff8b98ae000 	C:\Windows\system32\apphelp.dll
0x00007ff8b7c30000 - 0x00007ff8b7c83000 	C:\Windows\AppPatch\AppPatch64\AcGenral.DLL
0x00007ff8bb830000 - 0x00007ff8bb8da000 	C:\Windows\system32\msvcrt.dll
0x00007ff8bac00000 - 0x00007ff8bac2e000 	C:\Windows\SYSTEM32\SspiCli.dll
0x00007ff8bc0a0000 - 0x00007ff8bc0f4000 	C:\Windows\system32\SHLWAPI.dll
0x00007ff8bb4c0000 - 0x00007ff8bb637000 	C:\Windows\system32\USER32.dll
0x00007ff8bba10000 - 0x00007ff8bbba4000 	C:\Windows\system32\ole32.dll
0x00007ff8bc320000 - 0x00007ff8bd838000 	C:\Windows\system32\SHELL32.dll
0x00007ff8ba580000 - 0x00007ff8ba5a1000 	C:\Windows\SYSTEM32\USERENV.dll
0x00007ff8bb900000 - 0x00007ff8bb9aa000 	C:\Windows\system32\ADVAPI32.dll
0x00007ff8b73a0000 - 0x00007ff8b73be000 	C:\Windows\SYSTEM32\MPR.dll
0x00007ff8bbef0000 - 0x00007ff8bc031000 	C:\Windows\system32\RPCRT4.dll
0x00007ff8bb9b0000 - 0x00007ff8bba09000 	C:\Windows\SYSTEM32\sechost.dll
0x00007ff8bc100000 - 0x00007ff8bc311000 	C:\Windows\SYSTEM32\combase.dll
0x00007ff8bb360000 - 0x00007ff8bb4b1000 	C:\Windows\system32\GDI32.dll
0x00007ff8bae30000 - 0x00007ff8bae45000 	C:\Windows\SYSTEM32\profapi.dll
0x00007ff8b9220000 - 0x00007ff8b92d2000 	C:\Windows\SYSTEM32\SHCORE.dll
0x00007ff8bdca0000 - 0x00007ff8bdcd6000 	C:\Windows\system32\IMM32.DLL
0x00007ff8bdab0000 - 0x00007ff8bdc02000 	C:\Windows\system32\MSCTF.dll
0x00007ff8b8730000 - 0x00007ff8b89ab000 	C:\Windows\WinSxS\amd64_microsoft.windows.common-controls_6595b64144ccf1df_6.0.9600.17784_none_624760d1ecb7236e\COMCTL32.dll
0x000000005c5e0000 - 0x000000005c6b2000 	C:\Program Files\Java\jre1.8.0_20\bin\msvcr100.dll
0x000000005c780000 - 0x000000005cfd8000 	C:\Program Files\Java\jre1.8.0_20\bin\server\jvm.dll
0x00007ff8b85d0000 - 0x00007ff8b85d9000 	C:\Windows\SYSTEM32\WSOCK32.dll
0x00007ff8b5d20000 - 0x00007ff8b5d42000 	C:\Windows\SYSTEM32\WINMM.dll
0x00007ff8bb820000 - 0x00007ff8bb827000 	C:\Windows\system32\PSAPI.DLL
0x00007ff8bd990000 - 0x00007ff8bd9ea000 	C:\Windows\system32\WS2_32.dll
0x00007ff8b5b00000 - 0x00007ff8b5b2a000 	C:\Windows\SYSTEM32\WINMMBASE.dll
0x00007ff8bb8f0000 - 0x00007ff8bb8f9000 	C:\Windows\system32\NSI.dll
0x00007ff8baf00000 - 0x00007ff8baf4f000 	C:\Windows\SYSTEM32\cfgmgr32.dll
0x00007ff8b9c20000 - 0x00007ff8b9c48000 	C:\Windows\SYSTEM32\DEVOBJ.dll
0x000000005d320000 - 0x000000005d32f000 	C:\Program Files\Java\jre1.8.0_20\bin\verify.dll
0x000000005c750000 - 0x000000005c778000 	C:\Program Files\Java\jre1.8.0_20\bin\java.dll
0x000000005c730000 - 0x000000005c746000 	C:\Program Files\Java\jre1.8.0_20\bin\zip.dll
0x00007ff8b8b70000 - 0x00007ff8b8cfa000 	C:\Windows\SYSTEM32\dbghelp.dll

VM Arguments:
jvm_args: -Dfile.encoding=Cp1252 
java_command: Main
java_class_path (initial): C:\Users\René\Documents\GitHub\Battleship_v1\bin
Launcher Type: SUN_STANDARD

Environment Variables:
PATH=C:/Program Files/Java/jre1.8.0_20/bin/server;C:/Program Files/Java/jre1.8.0_20/bin;C:/Program Files/Java/jre1.8.0_20/lib/amd64;C:\ProgramData\Oracle\Java\javapath;C:\Windows\system32;C:\Windows;C:\Windows\System32\Wbem;C:\Windows\System32\WindowsPowerShell\v1.0\;C:\Program Files\MATLAB\R2013a\runtime\win64;C:\Program Files\MATLAB\R2013a\bin;C:\Program Files\Java\jdk1.8.0_20\bin;C:\Program Files (x86)\Common Files\Apple\Mobile Device Support\;C:\Program Files (x86)\Common Files\Apple\Apple Application Support;C:\Program Files (x86)\Git\cmd;C:\Program Files (x86)\Git\bin;C:\Program Files\Java\jdk1.8.0_20\bin;C:\Program Files\Eclipse;
USERNAME=René
OS=Windows_NT
PROCESSOR_IDENTIFIER=Intel64 Family 6 Model 69 Stepping 1, GenuineIntel



---------------  S Y S T E M  ---------------

OS: Windows 8.1 , 64 bit Build 9600 

CPU:total 4 (2 cores per cpu, 2 threads per core) family 6 model 69 stepping 1, cmov, cx8, fxsr, mmx, sse, sse2, sse3, ssse3, sse4.1, sse4.2, popcnt, avx, avx2, aes, clmul, erms, lzcnt, ht, tsc, tscinvbit, bmi1, bmi2

Memory: 4k page, physical 4115736k(1302112k free), swap 7261464k(5156k free)

vm_info: Java HotSpot(TM) 64-Bit Server VM (25.20-b23) for windows-amd64 JRE (1.8.0_20-b26), built on Jul 30 2014 13:51:23 by "java_re" with MS VC++ 10.0 (VS2010)

time: Sun May 17 19:18:15 2015
elapsed time: 0 seconds (0d 0h 0m 0s)

